2025-06-09 07:38:50,564 [INFO] __main__: Futterkarre 2.0 startet
2025-06-09 07:38:50,576 [INFO] views.main_window: MainWindow wird initialisiert
2025-06-09 09:46:34,053 [INFO] __main__: Futterkarre 2.0 startet
2025-06-09 09:46:34,066 [INFO] views.main_window: MainWindow wird initialisiert
2025-06-09 12:51:30,287 [INFO] __main__: Sensor Manager initialisiert
2025-06-09 12:51:30,287 [INFO] __main__: 1 Heu-Einträge geladen
2025-06-09 12:51:30,310 [INFO] views.main_window: MainWindow wird initialisiert
2025-06-09 12:51:30,315 [ERROR] __main__: Kritischer Fehler in main(): 'AuswahlSeite' object has no attribute 'btn_to_side_fu_heu'
2025-06-09 13:25:08,834 [INFO] __main__: Sensor Manager initialisiert
2025-06-09 13:25:08,835 [INFO] __main__: 1 Heu-Einträge geladen
2025-06-09 13:25:08,849 [INFO] views.main_window: MainWindow wird initialisiert
2025-06-09 13:25:08,851 [ERROR] __main__: Kritischer Fehler in main(): 'AuswahlSeite' object has no attribute 'btn_to_side_fu_heu'
2025-06-09 13:34:12,949 [INFO] __main__: Sensor Manager initialisiert
2025-06-09 13:34:12,949 [INFO] __main__: 1 Heu-Einträge geladen
2025-06-09 13:34:12,975 [INFO] views.main_window: MainWindow wird initialisiert
2025-06-09 13:34:12,980 [INFO] views.einstellungen_seite: EinstellungenSeite wird initialisiert
2025-06-09 13:34:12,984 [INFO] views.main_window: Wechsel zu Status: start
2025-06-09 13:34:13,019 [INFO] __main__: MainWindow gestartet
2025-06-09 13:34:13,019 [ERROR] __main__: Kritischer Fehler in main(): type object 'AppConfig' has no attribute 'DEBUG_MODE'
2025-06-09 13:38:34,633 [INFO] __main__: Sensor Manager initialisiert
2025-06-09 13:38:34,633 [INFO] __main__: 1 Heu-Einträge geladen
2025-06-09 13:38:34,650 [INFO] views.main_window: MainWindow wird initialisiert
2025-06-09 13:38:34,652 [INFO] views.einstellungen_seite: EinstellungenSeite wird initialisiert
2025-06-09 13:38:34,655 [INFO] views.main_window: Wechsel zu Status: start
2025-06-09 13:38:34,689 [INFO] __main__: MainWindow gestartet
2025-06-09 13:38:34,689 [INFO] __main__: Testdaten geladen
2025-06-09 13:38:37,002 [INFO] views.main_window: Wechsel zu Status: auswahl
2025-06-09 13:38:51,505 [INFO] views.main_window: Wechsel zu Status: einstellungen
2025-06-09 13:38:55,961 [INFO] views.einstellungen_seite: HX711 Simulation: aktiviert
2025-06-09 13:38:58,862 [INFO] views.einstellungen_seite: Zurück-Button geklickt - Navigation zur Auswahl-Seite
2025-06-09 13:52:24,166 [INFO] __main__: Sensor Manager initialisiert
2025-06-09 13:52:24,166 [INFO] __main__: 1 Heu-Einträge geladen
2025-06-09 13:52:24,219 [INFO] views.main_window: MainWindow wird initialisiert
2025-06-09 13:52:24,229 [ERROR] __main__: Kritischer Fehler in main(): BeladenSeite.__init__() missing 1 required positional argument: 'parent'
2025-06-09 14:04:06,759 [INFO] __main__: Sensor Manager initialisiert
2025-06-09 14:04:06,759 [INFO] __main__: 1 Heu-Einträge geladen
2025-06-09 14:04:06,791 [INFO] views.main_window: MainWindow wird initialisiert
2025-06-09 14:04:06,799 [INFO] views.einstellungen_seite: EinstellungenSeite wird initialisiert
2025-06-09 14:04:06,804 [INFO] views.main_window: Wechsel zu Status: start
2025-06-09 14:04:06,841 [INFO] __main__: MainWindow gestartet
2025-06-09 14:04:06,841 [INFO] __main__: Testdaten geladen
2025-06-09 14:04:13,676 [INFO] views.main_window: Wechsel zu Status: auswahl
2025-06-09 14:05:29,049 [INFO] __main__: Sensor Manager initialisiert
2025-06-09 14:05:29,049 [INFO] __main__: 1 Heu-Einträge geladen
2025-06-09 14:05:29,068 [INFO] views.main_window: MainWindow wird initialisiert
2025-06-09 14:05:29,070 [INFO] views.einstellungen_seite: EinstellungenSeite wird initialisiert
2025-06-09 14:05:29,073 [INFO] views.main_window: Wechsel zu Status: start
2025-06-09 14:05:29,102 [INFO] __main__: MainWindow gestartet
2025-06-09 14:05:29,102 [INFO] __main__: Testdaten geladen
2025-06-09 14:05:35,979 [INFO] views.main_window: Wechsel zu Status: auswahl
2025-06-09 14:10:20,656 [INFO] __main__: Sensor Manager initialisiert
2025-06-09 14:10:20,656 [INFO] __main__: 1 Heu-Einträge geladen
2025-06-09 14:10:20,678 [INFO] views.main_window: MainWindow wird initialisiert
2025-06-09 14:10:20,690 [INFO] views.einstellungen_seite: EinstellungenSeite wird initialisiert
2025-06-09 14:10:20,697 [INFO] views.main_window: Wechsel zu Status: start
2025-06-09 14:10:20,731 [INFO] __main__: MainWindow gestartet
2025-06-09 14:10:20,731 [INFO] __main__: Testdaten geladen
2025-06-09 14:10:22,019 [INFO] views.main_window: Wechsel zu Status: auswahl
2025-06-09 14:44:33,458 [INFO] __main__: Sensor Manager initialisiert
2025-06-09 14:44:33,458 [INFO] __main__: 1 Heu-Einträge geladen
2025-06-09 14:44:33,471 [INFO] views.main_window: MainWindow wird initialisiert
2025-06-09 14:44:33,474 [INFO] views.auswahl_seite: AuswahlSeite Buttons verbunden
2025-06-09 14:44:33,474 [INFO] views.einstellungen_seite: EinstellungenSeite wird initialisiert
2025-06-09 14:44:33,476 [INFO] views.main_window: Wechsel zu Status: start
2025-06-09 14:44:33,510 [INFO] __main__: MainWindow gestartet
2025-06-09 14:44:33,510 [INFO] __main__: Testdaten geladen
2025-06-09 14:44:40,621 [INFO] views.main_window: Wechsel zu Status: auswahl
2025-06-09 14:44:47,619 [INFO] views.main_window: Wechsel zu Status: einstellungen
2025-06-09 14:44:50,494 [INFO] views.einstellungen_seite: HX711 Simulation: aktiviert
2025-06-09 14:44:53,264 [INFO] views.einstellungen_seite: Zurück-Button geklickt - Navigation zur Auswahl-Seite
2025-06-09 14:44:53,264 [INFO] views.main_window: Wechsel zu Status: auswahl
2025-06-09 14:44:58,972 [INFO] views.main_window: Wechsel zu Status: beladen
2025-06-09 14:45:09,328 [INFO] views.main_window: Wechsel zu Status: fuettern
2025-06-09 14:45:09,329 [INFO] views.main_window: Wechsel zu Status: fuettern
2025-06-09 14:45:24,292 [INFO] views.main_window: Wechsel zu Status: start
2025-06-09 15:04:40,423 [INFO] __main__: Sensor Manager initialisiert
2025-06-09 15:04:40,423 [INFO] __main__: 1 Heu-Einträge geladen
2025-06-09 15:04:40,445 [INFO] views.main_window: MainWindow wird initialisiert
2025-06-09 15:04:40,460 [INFO] views.auswahl_seite: AuswahlSeite Buttons verbunden
2025-06-09 15:04:40,461 [INFO] views.einstellungen_seite: EinstellungenSeite wird initialisiert
2025-06-09 15:04:40,471 [INFO] views.main_window: Wechsel zu Status: start
2025-06-09 15:04:40,510 [INFO] __main__: MainWindow gestartet
2025-06-09 15:04:40,510 [INFO] __main__: Testdaten geladen
2025-06-09 15:04:41,958 [INFO] views.main_window: Wechsel zu Status: auswahl
2025-06-09 15:04:46,104 [INFO] views.main_window: Wechsel zu Status: einstellungen
2025-06-09 15:04:48,775 [INFO] views.einstellungen_seite: Zurück-Button geklickt - Navigation zur Auswahl-Seite
2025-06-09 15:04:48,776 [INFO] views.main_window: Wechsel zu Status: auswahl
2025-06-09 15:04:51,801 [INFO] views.main_window: Wechsel zu Status: einstellungen
2025-06-09 15:05:07,736 [INFO] views.einstellungen_seite: HX711 Simulation: aktiviert
2025-06-09 15:05:20,016 [INFO] views.einstellungen_seite: Fütterungs-Simulation: aktiviert
2025-06-09 15:05:31,511 [INFO] views.einstellungen_seite: Fütterungs-Simulation: deaktiviert
2025-06-09 15:18:06,598 [INFO] views.einstellungen_seite: Zurück-Button geklickt - Navigation zur Auswahl-Seite
2025-06-09 15:18:06,598 [INFO] views.main_window: Wechsel zu Status: auswahl
2025-06-09 15:18:08,764 [INFO] views.main_window: Wechsel zu Status: einstellungen
2025-06-09 15:18:28,144 [INFO] views.einstellungen_seite: Zurück-Button geklickt - Navigation zur Auswahl-Seite
2025-06-09 15:18:28,144 [INFO] views.main_window: Wechsel zu Status: auswahl
2025-06-09 15:18:29,782 [INFO] views.main_window: Wechsel zu Status: fuettern
2025-06-09 15:19:52,440 [INFO] views.main_window: Wechsel zu Status: start
2025-06-09 15:19:55,438 [INFO] views.main_window: Wechsel zu Status: auswahl
2025-06-09 15:19:57,317 [INFO] views.main_window: Wechsel zu Status: fuettern
2025-06-09 15:47:50,341 [INFO] __main__: Sensor Manager initialisiert
2025-06-09 15:47:50,341 [INFO] __main__: 1 Heu-Einträge geladen
2025-06-09 15:47:50,360 [INFO] views.main_window: MainWindow wird initialisiert
2025-06-09 15:47:50,368 [INFO] views.auswahl_seite: AuswahlSeite Buttons verbunden
2025-06-09 15:47:50,368 [INFO] views.einstellungen_seite: EinstellungenSeite wird initialisiert
2025-06-09 15:47:50,375 [INFO] views.main_window: Wechsel zu Status: start
2025-06-09 15:47:50,408 [INFO] __main__: MainWindow gestartet
2025-06-09 15:47:50,408 [INFO] __main__: Testdaten geladen
2025-06-09 15:47:51,869 [INFO] views.main_window: Wechsel zu Status: auswahl
2025-06-09 15:47:53,147 [INFO] views.main_window: Wechsel zu Status: beladen
2025-06-09 15:47:58,517 [INFO] views.main_window: Wechsel zu Status: fuettern
2025-06-09 15:47:58,518 [INFO] views.main_window: Wechsel zu Status: fuettern
2025-06-09 15:59:29,104 [INFO] __main__: Sensor Manager initialisiert
2025-06-09 15:59:29,104 [INFO] __main__: 1 Heu-Einträge geladen
2025-06-09 15:59:29,134 [INFO] views.main_window: MainWindow wird initialisiert
2025-06-09 15:59:29,142 [INFO] views.auswahl_seite: AuswahlSeite Buttons verbunden
2025-06-09 15:59:29,143 [ERROR] __main__: Kritischer Fehler in main(): 'BeladenSeite' object has no attribute 'create_ui_in_code'
2025-06-09 16:00:17,343 [INFO] __main__: Sensor Manager initialisiert
2025-06-09 16:00:17,343 [INFO] __main__: 1 Heu-Einträge geladen
2025-06-09 16:00:17,356 [INFO] views.main_window: MainWindow wird initialisiert
2025-06-09 16:00:17,367 [INFO] views.auswahl_seite: AuswahlSeite Buttons verbunden
2025-06-09 16:00:17,367 [ERROR] __main__: Kritischer Fehler in main(): 'BeladenSeite' object has no attribute 'create_ui_in_code'
2025-06-09 16:14:47,029 [INFO] __main__: Sensor Manager initialisiert
2025-06-09 16:14:47,029 [INFO] __main__: 1 Heu-Einträge geladen
2025-06-09 16:14:47,040 [INFO] views.main_window: MainWindow wird initialisiert
2025-06-09 16:14:47,046 [INFO] views.auswahl_seite: AuswahlSeite Buttons verbunden
2025-06-09 16:14:47,046 [ERROR] __main__: Kritischer Fehler in main(): 'BeladenSeite' object has no attribute 'create_ui_in_code'
2025-06-09 16:22:01,491 [INFO] __main__: Sensor Manager initialisiert
2025-06-09 16:22:01,491 [INFO] __main__: 1 Heu-Einträge geladen
2025-06-09 16:22:01,504 [INFO] views.main_window: MainWindow wird initialisiert
2025-06-09 16:22:01,510 [INFO] views.auswahl_seite: AuswahlSeite Buttons verbunden
2025-06-09 16:22:01,510 [INFO] views.einstellungen_seite: EinstellungenSeite wird initialisiert
2025-06-09 16:22:01,518 [INFO] views.main_window: Wechsel zu Status: start
2025-06-09 16:22:01,556 [INFO] __main__: MainWindow gestartet
2025-06-09 16:22:01,556 [INFO] __main__: Testdaten geladen
2025-06-09 16:22:03,495 [INFO] views.main_window: Wechsel zu Status: auswahl
2025-06-09 16:22:05,851 [INFO] views.main_window: Wechsel zu Status: beladen
2025-06-09 16:22:16,750 [INFO] views.beladen_seite: Beladen abgeschlossen: 0.00 kg nachgeladen
2025-06-09 16:22:16,750 [INFO] views.main_window: Wechsel zu Status: fuettern
2025-06-09 16:22:16,752 [INFO] views.fuettern_seite: Füttern-Seite: Kontext wiederhergestellt - Pferd 1, nachgeladen: 0.00 kg
2025-06-09 16:22:16,752 [INFO] views.beladen_seite: Beladen abgeschlossen: 0.00 kg nachgeladen
2025-06-09 16:22:16,752 [INFO] views.main_window: Wechsel zu Status: fuettern
2025-06-09 16:22:16,752 [INFO] views.fuettern_seite: Füttern-Seite: Kontext wiederhergestellt - Pferd 1, nachgeladen: 0.00 kg
2025-06-09 16:22:31,799 [INFO] __main__: Sensor Manager initialisiert
2025-06-09 16:22:31,799 [INFO] __main__: 1 Heu-Einträge geladen
2025-06-09 16:22:31,814 [INFO] views.main_window: MainWindow wird initialisiert
2025-06-09 16:22:31,823 [INFO] views.auswahl_seite: AuswahlSeite Buttons verbunden
2025-06-09 16:22:31,823 [INFO] views.einstellungen_seite: EinstellungenSeite wird initialisiert
2025-06-09 16:22:31,831 [INFO] views.main_window: Wechsel zu Status: start
2025-06-09 16:22:31,868 [INFO] __main__: MainWindow gestartet
2025-06-09 16:22:31,868 [INFO] __main__: Testdaten geladen
2025-06-09 16:22:33,474 [INFO] views.main_window: Wechsel zu Status: auswahl
2025-06-09 16:22:36,386 [INFO] views.main_window: Wechsel zu Status: beladen
2025-06-09 16:50:19,120 [INFO] __main__: Sensor Manager initialisiert
2025-06-09 16:50:19,120 [INFO] __main__: 1 Heu-Einträge geladen
2025-06-09 16:50:19,132 [INFO] views.main_window: MainWindow wird initialisiert
2025-06-09 16:50:19,149 [INFO] views.auswahl_seite: AuswahlSeite Buttons verbunden
2025-06-09 16:50:19,156 [INFO] views.beladen_seite: fu_laden.ui erfolgreich geladen
2025-06-09 16:50:19,156 [INFO] views.einstellungen_seite: EinstellungenSeite wird initialisiert
2025-06-09 16:50:19,164 [INFO] views.main_window: Wechsel zu Status: start
2025-06-09 16:50:19,201 [INFO] __main__: MainWindow gestartet
2025-06-09 16:50:19,201 [INFO] __main__: Testdaten geladen
2025-06-09 16:50:20,745 [INFO] views.main_window: Wechsel zu Status: auswahl
2025-06-09 16:50:21,696 [INFO] views.main_window: Wechsel zu Status: beladen
2025-06-09 16:50:25,606 [INFO] views.beladen_seite: Futter-Typ gewählt: heu
2025-06-09 16:50:34,868 [INFO] views.beladen_seite: Beladen abgeschlossen: 0.00 kg nachgeladen
2025-06-09 16:50:34,868 [INFO] views.main_window: Wechsel zu Status: fuettern
2025-06-09 16:50:34,868 [INFO] views.fuettern_seite: Füttern-Seite: Kontext wiederhergestellt - Pferd 1, nachgeladen: 0.00 kg
2025-06-09 16:50:41,388 [INFO] views.fuettern_seite: Nachladen: Speichere Kontext für Pferd 1
2025-06-09 16:50:41,388 [INFO] views.main_window: Wechsel zu Status: beladen
2025-06-09 16:50:41,390 [INFO] views.beladen_seite: Beladen-Seite: Kontext erhalten - Pferd 1, Restgewicht: 0.00 kg
2025-06-09 16:50:43,864 [INFO] views.beladen_seite: Futter-Typ gewählt: heulage
2025-06-09 16:50:45,525 [INFO] views.beladen_seite: Futter-Typ gewählt: heu
2025-06-09 16:50:46,432 [INFO] views.beladen_seite: Futter-Typ gewählt: heulage
2025-06-09 16:50:47,123 [INFO] views.beladen_seite: Futter-Typ gewählt: heu
2025-06-09 16:50:47,792 [INFO] views.beladen_seite: Futter-Typ gewählt: heulage
2025-06-09 16:50:48,429 [INFO] views.beladen_seite: Futter-Typ gewählt: heu
2025-06-09 16:50:49,106 [INFO] views.beladen_seite: Futter-Typ gewählt: heulage
2025-06-09 17:06:04,491 [INFO] views.main_window: Wechsel zu Status: auswahl
2025-06-09 17:06:27,755 [INFO] views.main_window: Wechsel zu Status: beladen
2025-06-09 17:06:30,707 [INFO] views.beladen_seite: Futter-Typ gewählt: heu
2025-06-09 17:06:32,077 [INFO] views.beladen_seite: Futter-Typ gewählt: heulage
2025-06-09 17:06:43,110 [INFO] __main__: Sensor Manager initialisiert
2025-06-09 17:06:43,111 [INFO] __main__: 1 Heu-Einträge geladen
2025-06-09 17:06:43,125 [INFO] views.main_window: MainWindow wird initialisiert
2025-06-09 17:06:43,133 [INFO] views.auswahl_seite: AuswahlSeite Buttons verbunden
2025-06-09 17:06:43,135 [INFO] views.beladen_seite: fu_laden.ui erfolgreich geladen
2025-06-09 17:06:43,135 [INFO] views.beladen_seite: Futter-Button-Gruppe eingerichtet
2025-06-09 17:06:43,135 [INFO] views.einstellungen_seite: EinstellungenSeite wird initialisiert
2025-06-09 17:06:43,141 [INFO] views.main_window: Wechsel zu Status: start
2025-06-09 17:06:43,175 [INFO] __main__: MainWindow gestartet
2025-06-09 17:06:43,175 [INFO] __main__: Testdaten geladen
2025-06-09 17:06:44,607 [INFO] views.main_window: Wechsel zu Status: auswahl
2025-06-09 17:06:45,884 [INFO] views.main_window: Wechsel zu Status: beladen
2025-06-09 17:06:49,119 [INFO] views.beladen_seite: Futtertyp gewählt: HEULAGE
2025-06-09 17:06:51,827 [INFO] views.beladen_seite: Futtertyp gewählt: HEU
2025-06-09 17:13:51,295 [INFO] __main__: Sensor Manager initialisiert
2025-06-09 17:13:51,295 [INFO] __main__: 1 Heu-Einträge geladen
2025-06-09 17:13:51,308 [INFO] views.main_window: MainWindow wird initialisiert
2025-06-09 17:13:51,315 [INFO] views.auswahl_seite: AuswahlSeite Buttons verbunden
2025-06-09 17:13:51,319 [INFO] views.beladen_seite: fu_laden.ui erfolgreich geladen
2025-06-09 17:13:51,319 [ERROR] __main__: Kritischer Fehler in main(): 'BeladenSeite' object has no attribute 'update_weight'
2025-06-09 17:14:11,070 [INFO] __main__: Sensor Manager initialisiert
2025-06-09 17:14:11,070 [INFO] __main__: 1 Heu-Einträge geladen
2025-06-09 17:14:11,085 [INFO] views.main_window: MainWindow wird initialisiert
2025-06-09 17:14:11,094 [INFO] views.auswahl_seite: AuswahlSeite Buttons verbunden
2025-06-09 17:14:11,097 [INFO] views.beladen_seite: fu_laden.ui erfolgreich geladen
2025-06-09 17:14:11,097 [ERROR] __main__: Kritischer Fehler in main(): 'BeladenSeite' object has no attribute 'update_weight'
2025-06-10 06:01:59,020 [INFO] __main__: Sensor Manager initialisiert
2025-06-10 06:01:59,020 [INFO] __main__: 1 Heu-Einträge geladen
2025-06-10 06:01:59,050 [INFO] views.main_window: MainWindow wird initialisiert
2025-06-10 06:01:59,084 [INFO] views.auswahl_seite: AuswahlSeite Buttons verbunden
2025-06-10 06:01:59,092 [INFO] views.beladen_seite: fu_laden.ui erfolgreich geladen
2025-06-10 06:01:59,092 [ERROR] __main__: Kritischer Fehler in main(): 'BeladenSeite' object has no attribute 'update_weight'
2025-06-10 06:52:33,692 [INFO] __main__: Sensor Manager initialisiert
2025-06-10 06:52:33,692 [INFO] __main__: 1 Heu-Einträge geladen
2025-06-10 06:52:33,703 [INFO] views.main_window: MainWindow wird initialisiert
2025-06-10 06:52:33,709 [INFO] views.auswahl_seite: AuswahlSeite Buttons verbunden
2025-06-10 06:52:33,712 [INFO] views.beladen_seite: beladen_seite.ui erfolgreich geladen
2025-06-10 06:52:33,712 [INFO] views.beladen_seite: Futter-Button-Gruppe eingerichtet
2025-06-10 06:52:33,712 [INFO] views.beladen_seite: Back-Button verbunden
2025-06-10 06:52:33,712 [INFO] views.einstellungen_seite: EinstellungenSeite wird initialisiert
2025-06-10 06:52:33,718 [INFO] views.main_window: Wechsel zu Status: start
2025-06-10 06:52:33,774 [INFO] __main__: MainWindow gestartet
2025-06-10 06:52:33,774 [INFO] __main__: Testdaten geladen
2025-06-10 06:52:39,802 [INFO] views.main_window: Wechsel zu Status: auswahl
2025-06-10 06:52:39,802 [INFO] views.main_window: Vorherige Seite gespeichert: start
2025-06-10 06:52:43,810 [INFO] views.main_window: Wechsel zu Status: beladen
2025-06-10 06:52:43,810 [INFO] views.main_window: Vorherige Seite gespeichert: auswahl
2025-06-10 06:52:47,141 [INFO] views.beladen_seite: Beladen abgeschlossen: 0.00 kg heu nachgeladen
2025-06-10 06:52:47,142 [INFO] views.main_window: Wechsel zu Status: fuettern
2025-06-10 06:52:47,142 [INFO] views.main_window: Vorherige Seite gespeichert: beladen
2025-06-10 06:52:47,143 [INFO] views.fuettern_seite: Füttern-Seite: Kontext wiederhergestellt - Pferd 1, nachgeladen: 0.00 kg
2025-06-10 06:52:52,353 [INFO] views.fuettern_seite: Nachladen: Speichere Kontext für Pferd 1
2025-06-10 06:52:52,353 [INFO] views.main_window: Wechsel zu Status: beladen
2025-06-10 06:52:52,353 [INFO] views.main_window: Vorherige Seite gespeichert: fuettern
2025-06-10 06:52:52,355 [INFO] views.beladen_seite: Beladen-Seite: Kontext erhalten - Pferd 1, Restgewicht: 0.00 kg
2025-06-10 06:52:56,018 [INFO] views.main_window: Wechsel zu Status: einstellungen
2025-06-10 06:52:56,018 [INFO] views.main_window: Vorherige Seite gespeichert: beladen
2025-06-10 06:53:00,767 [INFO] views.einstellungen_seite: HX711 Simulation: aktiviert
2025-06-10 06:53:02,672 [INFO] views.einstellungen_seite: HX711 Simulation: deaktiviert
2025-06-10 06:53:04,483 [INFO] views.einstellungen_seite: HX711 Simulation: aktiviert
2025-06-10 06:53:09,638 [INFO] views.einstellungen_seite: HX711 Simulation: deaktiviert
2025-06-10 06:53:21,239 [INFO] views.einstellungen_seite: Zurück-Button geklickt - Intelligente Navigation
2025-06-10 06:53:21,240 [INFO] views.main_window: Back-Button: Zurück zu beladen
2025-06-10 06:53:21,240 [INFO] views.main_window: Wechsel zu Status: beladen
2025-06-10 06:53:21,241 [INFO] views.beladen_seite: Beladen-Seite: Kontext erhalten - Pferd 1, Restgewicht: 0.00 kg
2025-06-10 06:53:23,050 [INFO] views.beladen_seite: Back-Button geklickt
2025-06-10 06:53:23,051 [INFO] views.main_window: Back-Button: Zurück zu beladen
2025-06-10 06:53:23,051 [INFO] views.main_window: Wechsel zu Status: beladen
2025-06-10 06:53:23,051 [INFO] views.beladen_seite: Beladen-Seite: Kontext erhalten - Pferd 1, Restgewicht: 0.00 kg
2025-06-10 06:53:34,452 [INFO] views.beladen_seite: Beladen abgeschlossen: 0.00 kg heu nachgeladen
2025-06-10 06:53:34,452 [INFO] views.main_window: Wechsel zu Status: fuettern
2025-06-10 06:53:34,452 [INFO] views.main_window: Vorherige Seite gespeichert: beladen
2025-06-10 06:53:34,452 [INFO] views.fuettern_seite: Füttern-Seite: Kontext wiederhergestellt - Pferd 1, nachgeladen: 0.00 kg
2025-06-10 07:18:31,802 [INFO] __main__: Sensor Manager initialisiert
2025-06-10 07:18:31,802 [INFO] __main__: 1 Heu-Einträge geladen
2025-06-10 07:18:31,815 [INFO] views.main_window: MainWindow wird initialisiert
2025-06-10 07:18:31,821 [INFO] views.auswahl_seite: AuswahlSeite Buttons verbunden
2025-06-10 07:18:31,823 [INFO] views.beladen_seite: beladen_seite.ui erfolgreich geladen
2025-06-10 07:18:31,824 [INFO] views.beladen_seite: Futter-Button-Gruppe eingerichtet
2025-06-10 07:18:31,824 [INFO] views.beladen_seite: Back-Button verbunden
2025-06-10 07:18:31,824 [INFO] views.fuettern_seite: 1 Heu-Sorten geladen
2025-06-10 07:18:31,824 [INFO] views.fuettern_seite: 1 Heulage-Sorten geladen
2025-06-10 07:18:31,831 [INFO] views.fuettern_seite: fuettern_seite.ui erfolgreich geladen
2025-06-10 07:18:31,831 [INFO] views.einstellungen_seite: EinstellungenSeite wird initialisiert
2025-06-10 07:18:31,837 [INFO] views.main_window: Wechsel zu Status: start
2025-06-10 07:18:31,864 [INFO] __main__: MainWindow gestartet
2025-06-10 07:18:31,865 [INFO] __main__: Testdaten geladen
2025-06-10 07:18:35,245 [INFO] views.main_window: Wechsel zu Status: auswahl
2025-06-10 07:18:35,245 [INFO] views.main_window: Vorherige Seite gespeichert: start
2025-06-10 07:18:39,325 [INFO] views.main_window: Wechsel zu Status: fuettern
2025-06-10 07:18:39,325 [INFO] views.main_window: Vorherige Seite gespeichert: auswahl
2025-06-10 07:18:46,411 [INFO] views.main_window: Wechsel zu Status: beladen
2025-06-10 07:18:46,412 [INFO] views.main_window: Vorherige Seite gespeichert: fuettern
2025-06-10 07:18:46,413 [INFO] views.beladen_seite: Beladen-Seite: Kontext erhalten - Pferd 1, Restgewicht: 0.00 kg
2025-06-10 07:18:53,871 [INFO] views.beladen_seite: Beladen abgeschlossen: 0.00 kg heu nachgeladen
2025-06-10 07:18:53,872 [INFO] views.main_window: Wechsel zu Status: fuettern
2025-06-10 07:18:53,872 [INFO] views.main_window: Vorherige Seite gespeichert: beladen
2025-06-10 07:18:53,873 [INFO] views.fuettern_seite: Futter-Werte angezeigt für: heu_eigen_2025
2025-06-10 07:18:53,873 [INFO] views.fuettern_seite: Futtertyp gesetzt: heu, Futter: heu_eigen_2025
2025-06-10 07:18:53,873 [INFO] views.fuettern_seite: Kontext wiederhergestellt - Pferd 1, Futtertyp: heu
2025-06-10 07:19:01,453 [INFO] views.fuettern_seite: Wechsel zu Pferd 2
2025-06-10 07:19:03,103 [INFO] views.fuettern_seite: Wechsel zu Pferd 3
2025-06-10 07:19:05,148 [INFO] views.fuettern_seite: Wechsel zu Pferd 4
2025-06-10 07:29:03,727 [INFO] views.main_window: Back-Button: Zurück zu beladen
2025-06-10 07:29:03,727 [INFO] views.main_window: Wechsel zu Status: beladen
2025-06-10 07:29:03,728 [INFO] views.beladen_seite: Beladen-Seite: Kontext erhalten - Pferd 1, Restgewicht: 0.00 kg
2025-06-10 07:29:05,926 [INFO] views.beladen_seite: Futtertyp gewählt: HEU
2025-06-10 07:29:08,126 [INFO] views.beladen_seite: Beladen abgeschlossen: 0.00 kg heu nachgeladen
2025-06-10 07:29:08,126 [INFO] views.main_window: Wechsel zu Status: fuettern
2025-06-10 07:29:08,126 [INFO] views.main_window: Vorherige Seite gespeichert: beladen
2025-06-10 07:29:08,127 [INFO] views.fuettern_seite: Futter-Werte angezeigt für: heu_eigen_2025
2025-06-10 07:29:08,127 [INFO] views.fuettern_seite: Futtertyp gesetzt: heu, Futter: heu_eigen_2025
2025-06-10 07:29:08,127 [INFO] views.fuettern_seite: Kontext wiederhergestellt - Pferd 1, Futtertyp: heu
2025-06-10 07:29:13,578 [INFO] __main__: Sensor Manager initialisiert
2025-06-10 07:29:13,578 [INFO] __main__: 1 Heu-Einträge geladen
2025-06-10 07:29:13,589 [INFO] views.main_window: MainWindow wird initialisiert
2025-06-10 07:29:13,595 [INFO] views.auswahl_seite: AuswahlSeite Buttons verbunden
2025-06-10 07:29:13,597 [INFO] views.beladen_seite: beladen_seite.ui erfolgreich geladen
2025-06-10 07:29:13,597 [INFO] views.beladen_seite: Futter-Button-Gruppe eingerichtet
2025-06-10 07:29:13,598 [INFO] views.beladen_seite: Back-Button verbunden
2025-06-10 07:29:13,598 [INFO] views.fuettern_seite: 1 Heu-Dataclasses geladen
2025-06-10 07:29:13,598 [INFO] views.fuettern_seite: 1 Heulage-Dataclasses geladen
2025-06-10 07:29:13,605 [INFO] views.fuettern_seite: fuettern_seite.ui erfolgreich geladen
2025-06-10 07:29:13,605 [INFO] views.einstellungen_seite: EinstellungenSeite wird initialisiert
2025-06-10 07:29:13,611 [INFO] views.main_window: Wechsel zu Status: start
2025-06-10 07:29:13,641 [INFO] __main__: MainWindow gestartet
2025-06-10 07:29:13,641 [INFO] __main__: Testdaten geladen
2025-06-10 07:29:14,675 [INFO] views.main_window: Wechsel zu Status: auswahl
2025-06-10 07:29:14,675 [INFO] views.main_window: Vorherige Seite gespeichert: start
2025-06-10 07:29:16,832 [INFO] views.main_window: Wechsel zu Status: fuettern
2025-06-10 07:29:16,832 [INFO] views.main_window: Vorherige Seite gespeichert: auswahl
2025-06-10 07:34:27,623 [INFO] __main__: Sensor Manager initialisiert
2025-06-10 07:34:27,624 [INFO] __main__: 1 Heu-Einträge geladen
2025-06-10 07:34:27,635 [INFO] views.main_window: MainWindow wird initialisiert
2025-06-10 07:34:27,642 [INFO] views.auswahl_seite: AuswahlSeite Buttons verbunden
2025-06-10 07:34:27,646 [INFO] views.beladen_seite: beladen_seite.ui erfolgreich geladen
2025-06-10 07:34:27,646 [INFO] views.beladen_seite: Futter-Button-Gruppe eingerichtet
2025-06-10 07:34:27,646 [INFO] views.beladen_seite: Back-Button verbunden
2025-06-10 07:34:27,654 [INFO] views.fuettern_seite: fuettern_seite.ui erfolgreich geladen
2025-06-10 07:34:27,654 [ERROR] __main__: Kritischer Fehler in main(): 'FuetternSeite' object has no attribute 'connect_buttons'
2025-06-10 07:39:40,073 [INFO] __main__: Sensor Manager initialisiert
2025-06-10 07:39:40,073 [INFO] __main__: 1 Heu-Einträge geladen
2025-06-10 07:39:40,085 [INFO] views.main_window: MainWindow wird initialisiert
2025-06-10 07:39:40,095 [INFO] views.auswahl_seite: AuswahlSeite Buttons verbunden
2025-06-10 07:39:40,098 [INFO] views.beladen_seite: beladen_seite.ui erfolgreich geladen
2025-06-10 07:39:40,098 [INFO] views.beladen_seite: Futter-Button-Gruppe eingerichtet
2025-06-10 07:39:40,098 [INFO] views.beladen_seite: Back-Button verbunden
2025-06-10 07:39:40,108 [INFO] views.fuettern_seite: fuettern_seite.ui erfolgreich geladen
2025-06-10 07:39:40,108 [ERROR] __main__: Kritischer Fehler in main(): 'FuetternSeite' object has no attribute 'zurueck_geklickt'
2025-06-10 07:44:01,926 [INFO] __main__: Sensor Manager initialisiert
2025-06-10 07:44:01,926 [INFO] __main__: 1 Heu-Einträge geladen
2025-06-10 07:44:01,939 [INFO] views.main_window: MainWindow wird initialisiert
2025-06-10 07:44:01,945 [INFO] views.auswahl_seite: AuswahlSeite Buttons verbunden
2025-06-10 07:44:01,947 [INFO] views.beladen_seite: beladen_seite.ui erfolgreich geladen
2025-06-10 07:44:01,947 [INFO] views.beladen_seite: Futter-Button-Gruppe eingerichtet
2025-06-10 07:44:01,947 [INFO] views.beladen_seite: Back-Button verbunden
2025-06-10 07:44:01,954 [INFO] views.fuettern_seite: fuettern_seite.ui erfolgreich geladen
2025-06-10 07:44:01,954 [INFO] views.einstellungen_seite: EinstellungenSeite wird initialisiert
2025-06-10 07:44:01,960 [INFO] views.main_window: Wechsel zu Status: start
2025-06-10 07:44:01,988 [INFO] __main__: MainWindow gestartet
2025-06-10 07:44:01,988 [INFO] __main__: Testdaten geladen
2025-06-10 07:44:03,682 [INFO] views.main_window: Wechsel zu Status: auswahl
2025-06-10 07:44:03,682 [INFO] views.main_window: Vorherige Seite gespeichert: start
2025-06-10 07:44:05,452 [INFO] views.main_window: Wechsel zu Status: fuettern
2025-06-10 07:44:05,453 [INFO] views.main_window: Vorherige Seite gespeichert: auswahl
2025-06-10 07:44:08,620 [INFO] views.fuettern_seite: Wechsel zu Pferd 2
2025-06-10 07:45:09,139 [INFO] __main__: Sensor Manager initialisiert
2025-06-10 07:45:09,139 [INFO] __main__: 1 Heu-Einträge geladen
2025-06-10 07:45:09,149 [INFO] views.main_window: MainWindow wird initialisiert
2025-06-10 07:45:09,155 [INFO] views.auswahl_seite: AuswahlSeite Buttons verbunden
2025-06-10 07:45:09,158 [INFO] views.beladen_seite: beladen_seite.ui erfolgreich geladen
2025-06-10 07:45:09,158 [INFO] views.beladen_seite: Futter-Button-Gruppe eingerichtet
2025-06-10 07:45:09,158 [INFO] views.beladen_seite: Back-Button verbunden
2025-06-10 07:45:09,165 [INFO] views.fuettern_seite: fuettern_seite.ui erfolgreich geladen
2025-06-10 07:45:09,165 [INFO] views.einstellungen_seite: EinstellungenSeite wird initialisiert
2025-06-10 07:45:09,171 [INFO] views.main_window: Wechsel zu Status: start
2025-06-10 07:45:09,197 [INFO] __main__: MainWindow gestartet
2025-06-10 07:45:09,197 [INFO] __main__: Testdaten geladen
2025-06-10 07:45:10,499 [INFO] views.main_window: Wechsel zu Status: auswahl
2025-06-10 07:45:10,499 [INFO] views.main_window: Vorherige Seite gespeichert: start
2025-06-10 07:45:11,314 [INFO] views.main_window: Wechsel zu Status: fuettern
2025-06-10 07:45:11,314 [INFO] views.main_window: Vorherige Seite gespeichert: auswahl
2025-06-10 08:02:16,428 [INFO] __main__: Sensor Manager initialisiert
2025-06-10 08:02:16,428 [INFO] __main__: 1 Heu-Einträge geladen
2025-06-10 08:02:16,443 [INFO] views.main_window: MainWindow wird initialisiert
2025-06-10 08:02:16,454 [INFO] views.auswahl_seite: AuswahlSeite Buttons verbunden
2025-06-10 08:02:16,458 [INFO] views.beladen_seite: beladen_seite.ui erfolgreich geladen
2025-06-10 08:02:16,458 [INFO] views.beladen_seite: Futter-Button-Gruppe eingerichtet mit 2 Optionen
2025-06-10 08:02:16,458 [INFO] views.beladen_seite: Back-Button verbunden
2025-06-10 08:02:16,468 [INFO] views.fuettern_seite: fuettern_seite.ui erfolgreich geladen
2025-06-10 08:02:16,468 [INFO] views.einstellungen_seite: EinstellungenSeite wird initialisiert
2025-06-10 08:02:16,475 [INFO] views.main_window: Wechsel zu Status: start
2025-06-10 08:02:16,504 [INFO] __main__: MainWindow gestartet
2025-06-10 08:02:16,504 [INFO] __main__: Testdaten geladen
2025-06-10 08:02:18,377 [INFO] views.main_window: Wechsel zu Status: auswahl
2025-06-10 08:02:18,377 [INFO] views.main_window: Vorherige Seite gespeichert: start
2025-06-10 08:02:22,165 [INFO] views.main_window: Wechsel zu Status: fuettern
2025-06-10 08:02:22,165 [INFO] views.main_window: Vorherige Seite gespeichert: auswahl
2025-06-10 08:02:24,389 [INFO] views.main_window: Wechsel zu Status: auswahl
2025-06-10 08:02:24,389 [INFO] views.main_window: Vorherige Seite gespeichert: fuettern
2025-06-10 08:02:25,941 [INFO] views.main_window: Wechsel zu Status: fuettern
2025-06-10 08:02:25,941 [INFO] views.main_window: Vorherige Seite gespeichert: auswahl
2025-06-10 08:02:30,812 [INFO] views.main_window: Wechsel zu Status: auswahl
2025-06-10 08:02:30,812 [INFO] views.main_window: Vorherige Seite gespeichert: fuettern
2025-06-10 08:02:32,526 [INFO] views.main_window: Wechsel zu Status: beladen
2025-06-10 08:02:32,527 [INFO] views.main_window: Vorherige Seite gespeichert: auswahl
2025-06-10 08:02:34,677 [INFO] views.beladen_seite: Beladen abgeschlossen: 0.00 kg heu nachgeladen
2025-06-10 08:02:34,677 [INFO] views.main_window: Wechsel zu Status: fuettern
2025-06-10 08:02:34,678 [INFO] views.main_window: Vorherige Seite gespeichert: beladen
2025-06-10 08:02:34,679 [INFO] views.fuettern_seite: Titel aktualisiert: heu → Heu Fütterung
2025-06-10 08:02:34,679 [INFO] views.fuettern_seite: Füttern-Seite: Kontext wiederhergestellt - Pferd 1, nachgeladen: 0.00 kg
2025-06-10 08:02:37,660 [INFO] views.fuettern_seite: Nachladen: Speichere Kontext für Pferd 1
2025-06-10 08:02:37,660 [INFO] views.main_window: Wechsel zu Status: beladen
2025-06-10 08:02:37,660 [INFO] views.main_window: Vorherige Seite gespeichert: fuettern
2025-06-10 08:02:37,661 [INFO] views.beladen_seite: Beladen-Seite: Kontext erhalten - Pferd 1, Restgewicht: 0.00 kg
2025-06-10 08:02:38,849 [INFO] views.beladen_seite: Futtertyp gewählt: HEULAGE
2025-06-10 08:02:40,029 [INFO] views.beladen_seite: Beladen abgeschlossen: 0.00 kg heulage nachgeladen
2025-06-10 08:02:40,030 [INFO] views.main_window: Wechsel zu Status: fuettern
2025-06-10 08:02:40,030 [INFO] views.main_window: Vorherige Seite gespeichert: beladen
2025-06-10 08:02:40,031 [INFO] views.fuettern_seite: Titel aktualisiert: heulage → Heulage Fütterung
2025-06-10 08:02:40,031 [INFO] views.fuettern_seite: Füttern-Seite: Kontext wiederhergestellt - Pferd 1, nachgeladen: 0.00 kg
2025-06-10 08:02:43,482 [INFO] views.fuettern_seite: Nachladen: Speichere Kontext für Pferd 1
2025-06-10 08:02:43,482 [INFO] views.main_window: Wechsel zu Status: beladen
2025-06-10 08:02:43,482 [INFO] views.main_window: Vorherige Seite gespeichert: fuettern
2025-06-10 08:02:43,484 [INFO] views.beladen_seite: Beladen-Seite: Kontext erhalten - Pferd 1, Restgewicht: 0.00 kg
2025-06-10 08:02:45,007 [INFO] views.beladen_seite: Futtertyp gewählt: HEU
2025-06-10 08:02:46,571 [INFO] views.beladen_seite: Beladen abgeschlossen: 0.00 kg heu nachgeladen
2025-06-10 08:02:46,572 [INFO] views.main_window: Wechsel zu Status: fuettern
2025-06-10 08:02:46,572 [INFO] views.main_window: Vorherige Seite gespeichert: beladen
2025-06-10 08:02:46,578 [INFO] views.fuettern_seite: Titel aktualisiert: heu → Heu Fütterung
2025-06-10 08:02:46,578 [INFO] views.fuettern_seite: Füttern-Seite: Kontext wiederhergestellt - Pferd 1, nachgeladen: 0.00 kg
2025-06-10 08:02:49,348 [INFO] views.main_window: Wechsel zu Status: auswahl
2025-06-10 08:02:49,349 [INFO] views.main_window: Vorherige Seite gespeichert: fuettern
2025-06-10 08:02:50,689 [INFO] views.main_window: Wechsel zu Status: fuettern
2025-06-10 08:02:50,690 [INFO] views.main_window: Vorherige Seite gespeichert: auswahl
2025-06-10 08:02:53,007 [INFO] views.main_window: Wechsel zu Status: auswahl
2025-06-10 08:02:53,008 [INFO] views.main_window: Vorherige Seite gespeichert: fuettern
2025-06-10 08:02:54,098 [INFO] views.main_window: Wechsel zu Status: fuettern
2025-06-10 08:02:54,098 [INFO] views.main_window: Vorherige Seite gespeichert: auswahl
2025-06-10 08:02:58,977 [INFO] views.main_window: Wechsel zu Status: auswahl
2025-06-10 08:02:58,977 [INFO] views.main_window: Vorherige Seite gespeichert: fuettern
2025-06-10 08:03:02,846 [INFO] views.main_window: Wechsel zu Status: einstellungen
2025-06-10 08:03:02,847 [INFO] views.main_window: Vorherige Seite gespeichert: auswahl
2025-06-10 08:03:04,490 [INFO] views.einstellungen_seite: Zurück-Button geklickt - Intelligente Navigation
2025-06-10 08:03:04,491 [INFO] views.main_window: Back-Button: Zurück zu auswahl
2025-06-10 08:03:04,491 [INFO] views.main_window: Wechsel zu Status: auswahl
2025-06-10 08:03:05,925 [INFO] views.main_window: Wechsel zu Status: beladen
2025-06-10 08:03:05,925 [INFO] views.main_window: Vorherige Seite gespeichert: auswahl
2025-06-10 08:03:07,850 [INFO] views.beladen_seite: Beladen abgeschlossen: 0.00 kg heu nachgeladen
2025-06-10 08:03:07,851 [INFO] views.main_window: Wechsel zu Status: fuettern
2025-06-10 08:03:07,851 [INFO] views.main_window: Vorherige Seite gespeichert: beladen
2025-06-10 08:03:07,852 [INFO] views.fuettern_seite: Titel aktualisiert: heu → Heu Fütterung
2025-06-10 08:03:07,852 [INFO] views.fuettern_seite: Füttern-Seite: Kontext wiederhergestellt - Pferd 1, nachgeladen: 0.00 kg
2025-06-10 08:04:15,433 [INFO] views.fuettern_seite: Wechsel zu Pferd 2
2025-06-10 08:04:17,509 [INFO] views.fuettern_seite: Wechsel zu Pferd 3
2025-06-10 08:18:31,539 [INFO] __main__: Sensor Manager initialisiert
2025-06-10 08:18:31,539 [INFO] __main__: 1 Heu-Einträge geladen
2025-06-10 08:18:31,552 [INFO] views.main_window: MainWindow wird initialisiert
2025-06-10 08:18:31,558 [INFO] views.auswahl_seite: AuswahlSeite Buttons verbunden
2025-06-10 08:18:31,561 [INFO] views.beladen_seite: beladen_seite.ui erfolgreich geladen
2025-06-10 08:18:31,561 [INFO] views.beladen_seite: Futter-Button-Gruppe eingerichtet mit 2 Optionen
2025-06-10 08:18:31,561 [INFO] views.beladen_seite: Back-Button verbunden
2025-06-10 08:18:31,568 [INFO] views.fuettern_seite: fuettern_seite.ui erfolgreich geladen
2025-06-10 08:18:31,568 [INFO] views.einstellungen_seite: EinstellungenSeite wird initialisiert
2025-06-10 08:18:31,574 [INFO] views.main_window: Wechsel zu Status: start
2025-06-10 08:18:31,602 [INFO] __main__: MainWindow gestartet
2025-06-10 08:18:31,602 [INFO] __main__: Testdaten geladen
2025-06-10 08:18:38,320 [INFO] views.main_window: Wechsel zu Status: auswahl
2025-06-10 08:18:38,320 [INFO] views.main_window: Vorherige Seite gespeichert: start
2025-06-10 08:18:40,378 [INFO] views.main_window: Wechsel zu Status: fuettern
2025-06-10 08:18:40,379 [INFO] views.main_window: Vorherige Seite gespeichert: auswahl
2025-06-10 08:18:50,852 [INFO] views.fuettern_seite: Nachladen: Speichere Kontext für Pferd 1
2025-06-10 08:18:50,852 [INFO] views.main_window: Wechsel zu Status: beladen
2025-06-10 08:18:50,852 [INFO] views.main_window: Vorherige Seite gespeichert: fuettern
2025-06-10 08:18:50,854 [INFO] views.beladen_seite: Beladen-Seite: Kontext erhalten - Pferd 1, Restgewicht: 0.00 kg
2025-06-10 08:18:54,562 [INFO] views.beladen_seite: Futtertyp gewählt: HEULAGE
2025-06-10 08:18:55,683 [INFO] views.beladen_seite: Beladen abgeschlossen: 0.00 kg heulage nachgeladen
2025-06-10 08:18:55,683 [INFO] views.main_window: Wechsel zu Status: fuettern
2025-06-10 08:18:55,683 [INFO] views.main_window: Vorherige Seite gespeichert: beladen
2025-06-10 08:18:55,684 [INFO] views.fuettern_seite: Titel aktualisiert: heulage → Heulage Fütterung
2025-06-10 08:18:55,685 [INFO] views.fuettern_seite: Füttern-Seite: Kontext wiederhergestellt - Pferd 1, nachgeladen: 0.00 kg
2025-06-10 08:18:58,599 [INFO] views.fuettern_seite: Wechsel zu Pferd 2
2025-06-10 08:18:59,227 [INFO] views.fuettern_seite: Wechsel zu Pferd 3
2025-06-10 08:18:59,777 [INFO] views.fuettern_seite: Wechsel zu Pferd 4
2025-06-11 07:13:37,923 [INFO] __main__: Sensor Manager initialisiert
2025-06-11 07:13:37,923 [INFO] __main__: 1 Heu-Einträge geladen
2025-06-11 07:13:37,954 [INFO] views.main_window: MainWindow wird initialisiert
2025-06-11 07:13:37,974 [INFO] views.auswahl_seite: AuswahlSeite Buttons verbunden
2025-06-11 07:13:37,977 [INFO] views.beladen_seite: beladen_seite.ui erfolgreich geladen
2025-06-11 07:13:37,977 [INFO] views.beladen_seite: Futter-Button-Gruppe eingerichtet mit 2 Optionen
2025-06-11 07:13:37,977 [INFO] views.beladen_seite: Back-Button verbunden
2025-06-11 07:13:37,984 [INFO] views.fuettern_seite: fuettern_seite.ui erfolgreich geladen
2025-06-11 07:13:37,984 [INFO] views.einstellungen_seite: EinstellungenSeite wird initialisiert
2025-06-11 07:13:37,991 [INFO] views.main_window: Wechsel zu Status: start
2025-06-11 07:13:38,027 [INFO] __main__: MainWindow gestartet
2025-06-11 07:13:38,027 [INFO] __main__: Testdaten geladen
2025-06-11 07:13:45,238 [INFO] views.main_window: Wechsel zu Status: auswahl
2025-06-11 07:13:45,238 [INFO] views.main_window: Vorherige Seite gespeichert: start
2025-06-11 07:13:49,176 [INFO] views.main_window: Wechsel zu Status: fuettern
2025-06-11 07:13:49,177 [INFO] views.main_window: Vorherige Seite gespeichert: auswahl
2025-06-11 07:14:08,152 [INFO] views.fuettern_seite: Nachladen: Speichere Kontext für Pferd 1
2025-06-11 07:14:08,152 [INFO] views.main_window: Wechsel zu Status: beladen
2025-06-11 07:14:08,152 [INFO] views.main_window: Vorherige Seite gespeichert: fuettern
2025-06-11 07:14:08,153 [INFO] views.beladen_seite: Beladen-Seite: Kontext erhalten - Pferd 1, Restgewicht: 0.00 kg
2025-06-11 07:14:39,794 [INFO] views.beladen_seite: Futtertyp gewählt: HEULAGE
2025-06-11 07:14:42,206 [INFO] views.beladen_seite: Beladen abgeschlossen: 0.00 kg heulage nachgeladen
2025-06-11 07:14:42,207 [INFO] views.main_window: Wechsel zu Status: fuettern
2025-06-11 07:14:42,207 [INFO] views.main_window: Vorherige Seite gespeichert: beladen
2025-06-11 07:14:42,208 [INFO] views.fuettern_seite: Titel aktualisiert: heulage → Heulage Fütterung
2025-06-11 07:14:42,208 [INFO] views.fuettern_seite: Füttern-Seite: Kontext wiederhergestellt - Pferd 1, nachgeladen: 0.00 kg
2025-06-11 16:53:39,509 [INFO] __main__: Sensor Manager initialisiert
2025-06-11 16:53:39,510 [INFO] __main__: Simulationen aktiviert
2025-06-11 16:53:39,536 [INFO] views.main_window: MainWindow wird initialisiert
2025-06-11 16:53:39,536 [ERROR] __main__: Kritischer Fehler in main(): name 'FutterKonfiguration' is not defined
2025-06-12 06:23:13,674 [INFO] __main__: Sensor Manager initialisiert
2025-06-12 06:23:13,674 [INFO] __main__: Simulationen aktiviert
2025-06-12 06:23:13,704 [INFO] views.main_window: MainWindow wird initialisiert
2025-06-12 06:23:13,708 [INFO] views.futter_konfiguration: Heulage-Datei gewählt: heulage_eigen_2025.csv
2025-06-12 06:23:13,708 [INFO] views.futter_konfiguration: Heu-Datei gewählt: heu_frd_2025.csv
2025-06-12 06:23:13,708 [INFO] views.futter_konfiguration: Pellet-Datei gewählt: Pellets_deukavallo_Top_E.csv
2025-06-12 06:23:13,708 [INFO] views.futter_konfiguration: Verfügbare Dateien: 2 Heu, 1 Heulage, 1 Pellets
2025-06-12 06:23:13,709 [ERROR] __main__: Kritischer Fehler in main(): 'MainWindow' object has no attribute 'start_screen'
2025-06-12 06:47:17,480 [INFO] __main__: Sensor Manager initialisiert
2025-06-12 06:47:17,480 [INFO] __main__: Simulationen aktiviert
2025-06-12 06:47:17,490 [INFO] views.main_window: MainWindow wird initialisiert
2025-06-12 06:47:17,505 [INFO] views.auswahl_seite: AuswahlSeite Buttons verbunden
2025-06-12 06:47:17,508 [INFO] views.beladen_seite: beladen_seite.ui erfolgreich geladen
2025-06-12 06:47:17,508 [INFO] views.beladen_seite: Futter-Button-Gruppe eingerichtet mit 2 Optionen
2025-06-12 06:47:17,508 [INFO] views.beladen_seite: Back-Button verbunden
2025-06-12 06:47:17,516 [INFO] views.fuettern_seite: fuettern_seite.ui erfolgreich geladen
2025-06-12 06:47:17,516 [INFO] views.einstellungen_seite: EinstellungenSeite wird initialisiert
2025-06-12 06:47:17,520 [INFO] views.futter_konfiguration: Heulage-Datei gewählt: heulage_eigen_2025.csv
2025-06-12 06:47:17,520 [INFO] views.futter_konfiguration: Heu-Datei gewählt: heu_frd_2025.csv
2025-06-12 06:47:17,520 [INFO] views.futter_konfiguration: Pellet-Datei gewählt: Pellets_deukavallo_Top_E.csv
2025-06-12 06:47:17,520 [INFO] views.futter_konfiguration: Verfügbare Dateien: 2 Heu, 1 Heulage, 1 Pellets
2025-06-12 06:47:17,522 [INFO] views.main_window: Wechsel zu Status: start
2025-06-12 06:47:17,576 [INFO] __main__: MainWindow gestartet
2025-06-12 06:47:20,874 [INFO] views.main_window: Wechsel zu Status: auswahl
2025-06-12 06:47:20,875 [INFO] views.main_window: Vorherige Seite gespeichert: start
2025-06-12 06:47:26,395 [INFO] views.main_window: Wechsel zu Status: einstellungen
2025-06-12 06:47:26,395 [INFO] views.main_window: Vorherige Seite gespeichert: auswahl
2025-06-12 06:47:27,448 [ERROR] views.einstellungen_seite: Fehler beim Wiegen: 'EinstellungenSeite' object has no attribute 'label_gewicht'
2025-06-12 06:50:13,782 [INFO] __main__: Sensor Manager initialisiert
2025-06-12 06:50:13,782 [INFO] __main__: Simulationen aktiviert
2025-06-12 06:50:13,793 [INFO] views.main_window: MainWindow wird initialisiert
2025-06-12 06:50:13,799 [INFO] views.auswahl_seite: AuswahlSeite Buttons verbunden
2025-06-12 06:50:13,802 [INFO] views.beladen_seite: beladen_seite.ui erfolgreich geladen
2025-06-12 06:50:13,802 [INFO] views.beladen_seite: Futter-Button-Gruppe eingerichtet mit 2 Optionen
2025-06-12 06:50:13,802 [INFO] views.beladen_seite: Back-Button verbunden
2025-06-12 06:50:13,809 [INFO] views.fuettern_seite: fuettern_seite.ui erfolgreich geladen
2025-06-12 06:50:13,809 [INFO] views.einstellungen_seite: EinstellungenSeite wird initialisiert
2025-06-12 06:50:13,813 [INFO] views.futter_konfiguration: Heulage-Datei gewählt: heulage_eigen_2025.csv
2025-06-12 06:50:13,813 [INFO] views.futter_konfiguration: Heu-Datei gewählt: heu_frd_2025.csv
2025-06-12 06:50:13,813 [INFO] views.futter_konfiguration: Pellet-Datei gewählt: Pellets_deukavallo_Top_E.csv
2025-06-12 06:50:13,813 [INFO] views.futter_konfiguration: Verfügbare Dateien: 2 Heu, 1 Heulage, 1 Pellets
2025-06-12 06:50:13,815 [INFO] views.main_window: Wechsel zu Status: start
2025-06-12 06:50:13,854 [INFO] __main__: MainWindow gestartet
2025-06-12 06:50:18,042 [INFO] views.main_window: Wechsel zu Status: auswahl
2025-06-12 06:50:18,043 [INFO] views.main_window: Vorherige Seite gespeichert: start
2025-06-12 06:50:21,381 [INFO] views.main_window: Wechsel zu Status: einstellungen
2025-06-12 06:50:21,381 [INFO] views.main_window: Vorherige Seite gespeichert: auswahl
2025-06-12 06:50:22,431 [ERROR] views.einstellungen_seite: Fehler beim Wiegen: 'EinstellungenSeite' object has no attribute 'label_gewicht'
2025-06-12 06:59:55,327 [INFO] __main__: Sensor Manager initialisiert
2025-06-12 06:59:55,328 [INFO] __main__: Simulationen aktiviert
2025-06-12 06:59:55,339 [INFO] views.main_window: MainWindow wird initialisiert
2025-06-12 06:59:55,347 [INFO] views.auswahl_seite: AuswahlSeite Buttons verbunden
2025-06-12 06:59:55,351 [INFO] views.beladen_seite: beladen_seite.ui erfolgreich geladen
2025-06-12 06:59:55,351 [INFO] views.beladen_seite: Futter-Button-Gruppe eingerichtet mit 2 Optionen
2025-06-12 06:59:55,351 [INFO] views.beladen_seite: Back-Button verbunden
2025-06-12 06:59:55,359 [INFO] views.fuettern_seite: fuettern_seite.ui erfolgreich geladen
2025-06-12 06:59:55,359 [INFO] views.einstellungen_seite: EinstellungenSeite wird initialisiert
2025-06-12 06:59:55,362 [INFO] views.einstellungen_seite: Futter-Konfigurations-Button verbunden
2025-06-12 06:59:55,363 [INFO] views.futter_konfiguration: Heulage-Datei gewählt: heulage_eigen_2025.csv
2025-06-12 06:59:55,363 [INFO] views.futter_konfiguration: Heu-Datei gewählt: heu_frd_2025.csv
2025-06-12 06:59:55,363 [INFO] views.futter_konfiguration: Pellet-Datei gewählt: Pellets_deukavallo_Top_E.csv
2025-06-12 06:59:55,363 [INFO] views.futter_konfiguration: Verfügbare Dateien: 2 Heu, 1 Heulage, 1 Pellets
2025-06-12 06:59:55,365 [INFO] views.main_window: Wechsel zu Status: start
2025-06-12 06:59:55,397 [INFO] __main__: MainWindow gestartet
2025-06-12 06:59:56,873 [INFO] views.main_window: Wechsel zu Status: auswahl
2025-06-12 06:59:56,874 [INFO] views.main_window: Vorherige Seite gespeichert: start
2025-06-12 06:59:58,768 [INFO] views.main_window: Wechsel zu Status: einstellungen
2025-06-12 06:59:58,768 [INFO] views.main_window: Vorherige Seite gespeichert: auswahl
2025-06-12 07:00:02,486 [INFO] views.einstellungen_seite: Wechsel zur Futter-Konfiguration
2025-06-12 07:00:02,487 [INFO] views.main_window: Wechsel zu Status: futter_konfiguration
2025-06-12 07:00:02,487 [INFO] views.main_window: Vorherige Seite gespeichert: einstellungen
2025-06-12 07:03:09,880 [INFO] views.futter_konfiguration: Heu-Datei gewählt: heu_eigen_2025.csv
2025-06-12 07:05:22,625 [INFO] views.futter_konfiguration: 1 Heu-Einträge aus heu_eigen_2025.csv geladen
2025-06-12 07:05:22,625 [INFO] views.futter_konfiguration: 1 Heulage-Einträge aus heulage_eigen_2025.csv geladen
2025-06-12 07:05:22,625 [INFO] views.main_window: Futter-Daten gesetzt: 1 Heu, 1 Heulage, 0 Pellets
2025-06-12 07:05:29,758 [INFO] views.main_window: Back-Button: Zurück zu einstellungen
2025-06-12 07:05:29,759 [INFO] views.main_window: Wechsel zu Status: einstellungen
2025-06-12 07:14:35,364 [INFO] views.einstellungen_seite: Zurück-Button geklickt - Intelligente Navigation
2025-06-12 07:14:35,365 [INFO] views.main_window: Back-Button: Zurück zu einstellungen
2025-06-12 07:14:35,365 [INFO] views.main_window: Wechsel zu Status: einstellungen
2025-06-12 07:14:42,504 [INFO] __main__: Sensor Manager initialisiert
2025-06-12 07:14:42,504 [INFO] __main__: Simulationen aktiviert
2025-06-12 07:14:42,515 [INFO] views.main_window: MainWindow wird initialisiert
2025-06-12 07:14:42,521 [INFO] views.auswahl_seite: AuswahlSeite Buttons verbunden
2025-06-12 07:14:42,523 [INFO] views.beladen_seite: beladen_seite.ui erfolgreich geladen
2025-06-12 07:14:42,523 [INFO] views.beladen_seite: Futter-Button-Gruppe eingerichtet mit 2 Optionen
2025-06-12 07:14:42,524 [INFO] views.beladen_seite: Back-Button verbunden
2025-06-12 07:14:42,530 [INFO] views.fuettern_seite: fuettern_seite.ui erfolgreich geladen
2025-06-12 07:14:42,530 [INFO] views.einstellungen_seite: EinstellungenSeite wird initialisiert
2025-06-12 07:14:42,534 [INFO] views.einstellungen_seite: Futter-Konfigurations-Button verbunden
2025-06-12 07:14:42,536 [INFO] views.futter_konfiguration: futter_konfiguration.ui erfolgreich geladen
2025-06-12 07:14:42,536 [INFO] views.futter_konfiguration: Verfügbare Dateien: 2 Heu, 1 Heulage, 1 Pellets
2025-06-12 07:14:42,546 [INFO] views.main_window: Wechsel zu Status: start
2025-06-12 07:14:42,579 [INFO] __main__: MainWindow gestartet
2025-06-12 07:14:43,762 [INFO] views.main_window: Wechsel zu Status: auswahl
2025-06-12 07:14:43,762 [INFO] views.main_window: Vorherige Seite gespeichert: start
2025-06-12 07:14:45,456 [INFO] views.main_window: Wechsel zu Status: einstellungen
2025-06-12 07:14:45,456 [INFO] views.main_window: Vorherige Seite gespeichert: auswahl
2025-06-12 07:14:47,998 [INFO] views.einstellungen_seite: Wechsel zur Futter-Konfiguration
2025-06-12 07:14:47,999 [INFO] views.main_window: Wechsel zu Status: futter_konfiguration
2025-06-12 07:14:47,999 [INFO] views.main_window: Vorherige Seite gespeichert: einstellungen
2025-06-12 07:14:57,399 [INFO] views.futter_konfiguration: 1 Heu-Einträge aus heu_frd_2025.csv geladen
2025-06-12 07:14:57,400 [INFO] views.futter_konfiguration: 1 Heulage-Einträge aus heulage_eigen_2025.csv geladen
2025-06-12 07:14:57,400 [INFO] views.main_window: Futter-Daten gesetzt: 1 Heu, 1 Heulage, 0 Pellets
2025-06-12 07:20:27,939 [INFO] views.main_window: Back-Button: Zurück zu einstellungen
2025-06-12 07:20:27,939 [INFO] views.main_window: Wechsel zu Status: einstellungen
2025-06-12 07:20:29,721 [INFO] views.einstellungen_seite: Wechsel zur Futter-Konfiguration
2025-06-12 07:20:29,722 [INFO] views.main_window: Wechsel zu Status: futter_konfiguration
2025-06-12 07:20:29,722 [INFO] views.main_window: Vorherige Seite gespeichert: einstellungen
2025-06-12 07:20:45,708 [INFO] __main__: Sensor Manager initialisiert
2025-06-12 07:20:45,708 [INFO] __main__: Simulationen aktiviert
2025-06-12 07:20:45,719 [INFO] views.main_window: MainWindow wird initialisiert
2025-06-12 07:20:45,726 [INFO] views.auswahl_seite: AuswahlSeite Buttons verbunden
2025-06-12 07:20:45,730 [INFO] views.beladen_seite: beladen_seite.ui erfolgreich geladen
2025-06-12 07:20:45,730 [INFO] views.beladen_seite: Futter-Button-Gruppe eingerichtet mit 2 Optionen
2025-06-12 07:20:45,730 [INFO] views.beladen_seite: Back-Button verbunden
2025-06-12 07:20:45,737 [INFO] views.fuettern_seite: fuettern_seite.ui erfolgreich geladen
2025-06-12 07:20:45,737 [INFO] views.einstellungen_seite: EinstellungenSeite wird initialisiert
2025-06-12 07:20:45,740 [INFO] views.einstellungen_seite: Futter-Konfigurations-Button verbunden
2025-06-12 07:20:45,742 [INFO] views.futter_konfiguration: futter_konfiguration.ui erfolgreich geladen
2025-06-12 07:20:45,742 [INFO] views.futter_konfiguration: Verfügbare Dateien: 2 Heu, 1 Heulage, 1 Pellets
2025-06-12 07:20:45,753 [INFO] views.main_window: Wechsel zu Status: start
2025-06-12 07:20:45,783 [INFO] __main__: MainWindow gestartet
2025-06-12 07:20:46,954 [INFO] views.main_window: Wechsel zu Status: auswahl
2025-06-12 07:20:46,954 [INFO] views.main_window: Vorherige Seite gespeichert: start
2025-06-12 07:20:48,160 [INFO] views.main_window: Wechsel zu Status: einstellungen
2025-06-12 07:20:48,161 [INFO] views.main_window: Vorherige Seite gespeichert: auswahl
2025-06-12 07:20:49,597 [INFO] views.einstellungen_seite: Wechsel zur Futter-Konfiguration
2025-06-12 07:20:49,597 [INFO] views.main_window: Wechsel zu Status: futter_konfiguration
2025-06-12 07:20:49,597 [INFO] views.main_window: Vorherige Seite gespeichert: einstellungen
2025-06-12 07:21:20,267 [INFO] views.main_window: Back-Button: Zurück zu einstellungen
2025-06-12 07:21:20,267 [INFO] views.main_window: Wechsel zu Status: einstellungen
2025-06-12 07:21:22,189 [INFO] views.einstellungen_seite: Wechsel zur Futter-Konfiguration
2025-06-12 07:21:22,190 [INFO] views.main_window: Wechsel zu Status: futter_konfiguration
2025-06-12 07:21:22,190 [INFO] views.main_window: Vorherige Seite gespeichert: einstellungen
2025-06-12 07:21:25,132 [INFO] views.futter_konfiguration: 1 Heu-Einträge aus heu_frd_2025.csv geladen
2025-06-12 07:21:25,132 [INFO] views.futter_konfiguration: 1 Heulage-Einträge aus heulage_eigen_2025.csv geladen
2025-06-12 07:21:25,133 [INFO] views.main_window: Futter-Daten gesetzt: 1 Heu, 1 Heulage, 0 Pellets
2025-06-12 07:46:55,311 [INFO] views.main_window: Back-Button: Zurück zu einstellungen
2025-06-12 07:46:55,312 [INFO] views.main_window: Wechsel zu Status: einstellungen
2025-06-12 07:47:02,492 [INFO] views.einstellungen_seite: HX711 Simulation: aktiviert
2025-06-12 07:47:04,022 [INFO] views.einstellungen_seite: Fütterungs-Simulation: aktiviert
2025-06-12 07:47:05,920 [INFO] views.einstellungen_seite: Zurück-Button geklickt - Intelligente Navigation
2025-06-12 07:47:05,920 [INFO] views.main_window: Back-Button: Zurück zu einstellungen
2025-06-12 07:47:05,920 [INFO] views.main_window: Wechsel zu Status: einstellungen
2025-06-12 07:47:12,431 [INFO] views.einstellungen_seite: Zurück-Button geklickt - Intelligente Navigation
2025-06-12 07:47:12,431 [INFO] views.main_window: Back-Button: Zurück zu einstellungen
2025-06-12 07:47:12,431 [INFO] views.main_window: Wechsel zu Status: einstellungen
2025-06-12 07:47:15,923 [INFO] views.einstellungen_seite: Zurück-Button geklickt - Intelligente Navigation
2025-06-12 07:47:15,924 [INFO] views.main_window: Back-Button: Zurück zu einstellungen
2025-06-12 07:47:15,924 [INFO] views.main_window: Wechsel zu Status: einstellungen
2025-06-12 07:47:39,518 [INFO] views.einstellungen_seite: Fütterungs-Simulation: deaktiviert
2025-06-12 07:47:40,554 [INFO] views.einstellungen_seite: Fütterungs-Simulation: aktiviert
2025-06-12 07:47:43,423 [INFO] views.einstellungen_seite: HX711 Simulation: deaktiviert
2025-06-12 07:47:44,762 [INFO] views.einstellungen_seite: HX711 Simulation: aktiviert
2025-06-12 07:47:49,365 [INFO] views.einstellungen_seite: Zurück-Button geklickt - Intelligente Navigation
2025-06-12 07:47:49,365 [INFO] views.main_window: Back-Button: Zurück zu einstellungen
2025-06-12 07:47:49,365 [INFO] views.main_window: Wechsel zu Status: einstellungen
2025-06-12 07:47:54,339 [INFO] views.einstellungen_seite: Wechsel zur Futter-Konfiguration
2025-06-12 07:47:54,339 [INFO] views.main_window: Wechsel zu Status: futter_konfiguration
2025-06-12 07:47:54,339 [INFO] views.main_window: Vorherige Seite gespeichert: einstellungen
2025-06-12 07:48:01,034 [INFO] views.main_window: Back-Button: Zurück zu einstellungen
2025-06-12 07:48:01,034 [INFO] views.main_window: Wechsel zu Status: einstellungen
2025-06-12 07:48:05,845 [INFO] views.einstellungen_seite: Zurück-Button geklickt - Intelligente Navigation
2025-06-12 07:48:05,845 [INFO] views.main_window: Back-Button: Zurück zu einstellungen
2025-06-12 07:48:05,845 [INFO] views.main_window: Wechsel zu Status: einstellungen
2025-06-12 07:57:31,507 [INFO] __main__: Sensor Manager initialisiert
2025-06-12 07:57:31,507 [INFO] __main__: Simulationen aktiviert
2025-06-12 07:57:31,519 [INFO] views.main_window: MainWindow wird initialisiert
2025-06-12 07:57:31,526 [INFO] views.auswahl_seite: AuswahlSeite Buttons verbunden
2025-06-12 07:57:31,529 [INFO] views.beladen_seite: beladen_seite.ui erfolgreich geladen
2025-06-12 07:57:31,529 [INFO] views.beladen_seite: Futter-Button-Gruppe eingerichtet mit 2 Optionen
2025-06-12 07:57:31,529 [INFO] views.beladen_seite: Back-Button verbunden
2025-06-12 07:57:31,536 [INFO] views.fuettern_seite: fuettern_seite.ui erfolgreich geladen
2025-06-12 07:57:31,536 [INFO] views.einstellungen_seite: EinstellungenSeite wird initialisiert
2025-06-12 07:57:31,539 [INFO] views.einstellungen_seite: Futter-Konfigurations-Button verbunden
2025-06-12 07:57:31,539 [INFO] views.einstellungen_seite: Alle Einstellungs-Buttons verbunden
2025-06-12 07:57:31,541 [INFO] views.futter_konfiguration: futter_konfiguration.ui erfolgreich geladen
2025-06-12 07:57:31,541 [INFO] views.futter_konfiguration: Verfügbare Dateien: 2 Heu, 1 Heulage, 1 Pellets
2025-06-12 07:57:31,552 [INFO] views.main_window: Wechsel zu Status: start
2025-06-12 07:57:31,584 [INFO] __main__: MainWindow gestartet
2025-06-12 07:57:32,815 [INFO] views.main_window: Wechsel zu Status: auswahl
2025-06-12 07:57:32,816 [INFO] views.main_window: Vorherige Seite gespeichert: start
2025-06-12 07:57:36,068 [INFO] views.main_window: Wechsel zu Status: einstellungen
2025-06-12 07:57:36,069 [INFO] views.main_window: Vorherige Seite gespeichert: auswahl
2025-06-12 07:57:37,355 [INFO] views.einstellungen_seite: Wechsel zur Futter-Konfiguration
2025-06-12 07:57:37,355 [INFO] views.main_window: Wechsel zu Status: futter_konfiguration
2025-06-12 07:57:37,355 [INFO] views.main_window: Vorherige Seite gespeichert: einstellungen
2025-06-12 07:57:40,041 [INFO] views.main_window: Back-Button: Zurück zu einstellungen
2025-06-12 07:57:40,041 [INFO] views.main_window: Wechsel zu Status: einstellungen
2025-06-12 07:57:45,056 [INFO] views.einstellungen_seite: Zurück-Button geklickt - Intelligente Navigation
2025-06-12 07:57:45,056 [INFO] views.main_window: Back-Button: Zurück zu einstellungen
2025-06-12 07:57:45,057 [INFO] views.main_window: Wechsel zu Status: einstellungen
2025-06-12 07:57:47,097 [INFO] views.einstellungen_seite: Zurück-Button geklickt - Intelligente Navigation
2025-06-12 07:57:47,097 [INFO] views.main_window: Back-Button: Zurück zu einstellungen
2025-06-12 07:57:47,097 [INFO] views.main_window: Wechsel zu Status: einstellungen
2025-06-12 08:04:44,204 [INFO] __main__: Sensor Manager initialisiert
2025-06-12 08:04:44,204 [INFO] __main__: Simulationen aktiviert
2025-06-12 08:04:44,216 [INFO] views.main_window: MainWindow wird initialisiert
2025-06-12 08:04:44,223 [INFO] views.auswahl_seite: AuswahlSeite Buttons verbunden
2025-06-12 08:04:44,225 [INFO] views.beladen_seite: beladen_seite.ui erfolgreich geladen
2025-06-12 08:04:44,225 [INFO] views.beladen_seite: Futter-Button-Gruppe eingerichtet mit 2 Optionen
2025-06-12 08:04:44,225 [INFO] views.beladen_seite: Back-Button verbunden
2025-06-12 08:04:44,232 [INFO] views.fuettern_seite: fuettern_seite.ui erfolgreich geladen
2025-06-12 08:04:44,232 [INFO] views.einstellungen_seite: EinstellungenSeite wird initialisiert
2025-06-12 08:04:44,237 [INFO] views.einstellungen_seite: Futter-Konfigurations-Button verbunden
2025-06-12 08:04:44,237 [INFO] views.einstellungen_seite: Alle Einstellungs-Buttons verbunden
2025-06-12 08:04:44,239 [INFO] views.futter_konfiguration: futter_konfiguration.ui erfolgreich geladen
2025-06-12 08:04:44,239 [INFO] views.futter_konfiguration: Verfügbare Dateien: 2 Heu, 1 Heulage, 1 Pellets
2025-06-12 08:04:44,250 [INFO] views.main_window: Wechsel zu Status: start
2025-06-12 08:04:44,282 [INFO] __main__: MainWindow gestartet
2025-06-12 08:04:45,533 [INFO] views.main_window: Wechsel zu Status: auswahl
2025-06-12 08:04:45,533 [INFO] views.main_window: Vorherige Seite gespeichert: start
2025-06-12 08:04:47,763 [INFO] views.main_window: Wechsel zu Status: einstellungen
2025-06-12 08:04:47,763 [INFO] views.main_window: Vorherige Seite gespeichert: auswahl
2025-06-12 08:04:49,521 [INFO] views.einstellungen_seite: Wechsel zur Futter-Konfiguration
2025-06-12 08:04:49,521 [INFO] views.main_window: Wechsel zu Status: futter_konfiguration
2025-06-12 08:04:49,522 [INFO] views.main_window: Vorherige Seite gespeichert: einstellungen
2025-06-12 08:04:52,326 [INFO] views.futter_konfiguration: 1 Heu-Einträge aus heu_frd_2025.csv geladen
2025-06-12 08:04:52,327 [INFO] views.futter_konfiguration: 1 Heulage-Einträge aus heulage_eigen_2025.csv geladen
2025-06-12 08:04:52,327 [INFO] views.main_window: Futter-Daten gesetzt: 1 Heu, 1 Heulage, 0 Pellets
2025-06-12 08:04:56,199 [INFO] views.main_window: Back-Button: Aktuell=futter_konfiguration, Zurück zu=einstellungen
2025-06-12 08:04:56,199 [INFO] views.main_window: Navigation-History: einstellungen → futter_konfiguration
2025-06-12 08:04:56,199 [INFO] views.main_window: Wechsel zu Status: einstellungen
2025-06-12 08:04:57,795 [INFO] views.einstellungen_seite: Zurück-Button geklickt - Intelligente Navigation
2025-06-12 08:04:57,795 [INFO] views.main_window: Back-Button: Aktuell=einstellungen, Zurück zu=einstellungen
2025-06-12 08:04:57,795 [INFO] views.main_window: Navigation-History: einstellungen → einstellungen
2025-06-12 08:04:57,795 [WARNING] views.main_window: Ungültige Navigation: previous_page=einstellungen, current=einstellungen
2025-06-12 08:04:57,795 [INFO] views.main_window: Wechsel zu Status: auswahl
2025-06-12 08:05:03,337 [INFO] views.main_window: Wechsel zu Status: fuettern
2025-06-12 08:05:03,337 [INFO] views.main_window: Vorherige Seite gespeichert: auswahl
2025-06-12 08:06:43,999 [INFO] views.main_window: Wechsel zu Status: auswahl
2025-06-12 08:06:43,999 [INFO] views.main_window: Vorherige Seite gespeichert: fuettern
2025-06-12 08:06:45,246 [INFO] views.main_window: Wechsel zu Status: fuettern
2025-06-12 08:06:45,247 [INFO] views.main_window: Vorherige Seite gespeichert: auswahl
2025-06-12 08:06:47,386 [INFO] views.main_window: Wechsel zu Status: auswahl
2025-06-12 08:06:47,387 [INFO] views.main_window: Vorherige Seite gespeichert: fuettern
2025-06-12 08:06:48,412 [INFO] views.main_window: Wechsel zu Status: fuettern
2025-06-12 08:06:48,412 [INFO] views.main_window: Vorherige Seite gespeichert: auswahl
2025-06-12 08:06:49,974 [INFO] views.main_window: Wechsel zu Status: auswahl
2025-06-12 08:06:49,975 [INFO] views.main_window: Vorherige Seite gespeichert: fuettern
2025-06-12 08:06:50,827 [INFO] views.main_window: Wechsel zu Status: fuettern
2025-06-12 08:06:50,827 [INFO] views.main_window: Vorherige Seite gespeichert: auswahl
2025-06-12 08:06:53,064 [INFO] views.main_window: Wechsel zu Status: auswahl
2025-06-12 08:06:53,064 [INFO] views.main_window: Vorherige Seite gespeichert: fuettern
2025-06-12 08:06:54,619 [INFO] views.main_window: Wechsel zu Status: beladen
2025-06-12 08:06:54,620 [INFO] views.main_window: Vorherige Seite gespeichert: auswahl
2025-06-12 08:06:56,841 [INFO] views.beladen_seite: Beladen abgeschlossen: 0.00 kg heu nachgeladen
2025-06-12 08:06:56,841 [INFO] views.main_window: Wechsel zu Status: fuettern
2025-06-12 08:06:56,841 [INFO] views.main_window: Vorherige Seite gespeichert: beladen
2025-06-12 08:06:56,842 [INFO] views.fuettern_seite: Titel aktualisiert: heu → Heu Fütterung
2025-06-12 08:06:56,842 [INFO] views.fuettern_seite: Füttern-Seite: Kontext wiederhergestellt - Pferd 1, nachgeladen: 0.00 kg
2025-06-12 08:06:59,596 [INFO] views.main_window: Wechsel zu Status: auswahl
2025-06-12 08:06:59,596 [INFO] views.main_window: Vorherige Seite gespeichert: fuettern
2025-06-12 08:07:00,404 [INFO] views.main_window: Wechsel zu Status: fuettern
2025-06-12 08:07:00,404 [INFO] views.main_window: Vorherige Seite gespeichert: auswahl
2025-06-12 08:07:03,941 [INFO] views.fuettern_seite: Nachladen: Speichere Kontext für Pferd 1
2025-06-12 08:07:03,941 [INFO] views.main_window: Wechsel zu Status: beladen
2025-06-12 08:07:03,942 [INFO] views.main_window: Vorherige Seite gespeichert: fuettern
2025-06-12 08:07:03,943 [INFO] views.beladen_seite: Beladen-Seite: Kontext erhalten - Pferd 1, Restgewicht: 0.00 kg
2025-06-12 08:07:05,509 [INFO] views.beladen_seite: Futtertyp gewählt: HEULAGE
2025-06-12 08:07:06,655 [INFO] views.beladen_seite: Beladen abgeschlossen: 0.00 kg heulage nachgeladen
2025-06-12 08:07:06,655 [INFO] views.main_window: Wechsel zu Status: fuettern
2025-06-12 08:07:06,656 [INFO] views.main_window: Vorherige Seite gespeichert: beladen
2025-06-12 08:07:06,657 [INFO] views.fuettern_seite: Titel aktualisiert: heulage → Heulage Fütterung
2025-06-12 08:07:06,657 [INFO] views.fuettern_seite: Füttern-Seite: Kontext wiederhergestellt - Pferd 1, nachgeladen: 0.00 kg
2025-06-12 08:43:18,623 [INFO] __main__: Sensor Manager initialisiert
2025-06-12 08:43:18,623 [INFO] __main__: Simulationen aktiviert
2025-06-12 08:43:18,636 [ERROR] __main__: Kritischer Fehler in main(): 'name'
2025-06-12 08:52:36,799 [INFO] __main__: Sensor Manager initialisiert
2025-06-12 08:52:36,800 [INFO] __main__: Simulationen aktiviert
2025-06-12 08:52:36,812 [ERROR] __main__: Kritischer Fehler in main(): 'name'
2025-06-12 09:05:15,360 [INFO] __main__: Sensor Manager initialisiert
2025-06-12 09:05:15,360 [INFO] __main__: Simulationen aktiviert
2025-06-12 09:05:15,374 [ERROR] __main__: Kritischer Fehler in main(): 'MainWindow' object has no attribute 'lade_pferde_daten'
2025-06-12 09:06:53,639 [INFO] __main__: Sensor Manager initialisiert
2025-06-12 09:06:53,640 [INFO] __main__: Simulationen aktiviert
2025-06-12 09:06:53,650 [ERROR] __main__: Kritischer Fehler in main(): 'MainWindow' object has no attribute 'lade_pferde_daten'
2025-06-12 09:09:23,256 [INFO] __main__: Sensor Manager initialisiert
2025-06-12 09:09:23,256 [INFO] __main__: Simulationen aktiviert
2025-06-12 09:09:23,267 [ERROR] __main__: Kritischer Fehler in main(): 'MainWindow' object has no attribute 'lade_pferde_daten'
